JetBrains Amper version 0.10.0 (21d29c8, 2026-03-30)
running on Windows 11 10.0 jvm arch amd64

00:25.181 INFO  :expert:compileJvm        JvmCompileTask            Compiling module 'expert' for platform 'jvm'...
00:38.738 ERROR :expert:compileJvm        KotlinBuildToolsApiKt     file:///C:/Users/welli/MeusProjetos/expert/src/di/MongoModule.kt:3:22 Unresolved reference 'infrastructure'.
00:38.741 ERROR :expert:compileJvm        KotlinBuildToolsApiKt     file:///C:/Users/welli/MeusProjetos/expert/src/di/MongoModule.kt:10:9 Cannot infer type for type parameter 'T'. Specify it explicitly.
00:38.742 ERROR :expert:compileJvm        KotlinBuildToolsApiKt     file:///C:/Users/welli/MeusProjetos/expert/src/di/MongoModule.kt:10:30 Unresolved reference 'connectToMongoDB'.
00:38.743 ERROR :expert:compileJvm        KotlinBuildToolsApiKt     file:///C:/Users/welli/MeusProjetos/expert/src/features/ai/AiRoutes.kt:5:22 Unresolved reference 'plugins'.
00:38.743 ERROR :expert:compileJvm        KotlinBuildToolsApiKt     file:///C:/Users/welli/MeusProjetos/expert/src/features/ai/AiRoutes.kt:21:22 Unresolved reference 'isKoogAvailable'.
00:38.744 ERROR :expert:compileJvm        KotlinBuildToolsApiKt     file:///C:/Users/welli/MeusProjetos/expert/src/features/ai/ServiceAi.kt:85:17 None of the following candidates is applicable:

fun <reified Input, reified Output> invoke(promptExecutor: PromptExecutor, agentConfig: AIAgentConfig, strategy: AIAgentGraphStrategy<Input, Output>, toolRegistry: ToolRegistry = ..., id: String? = ..., clock: Clock = ..., noinline installFeatures: GraphAIAgent.FeatureContext.() -> Unit = ...): AIAgent<Input, Output>:
  No parameter with name 'llmModel' found.
  No parameter with name 'systemPrompt' found.
  No value passed for parameter 'agentConfig'.
  No value passed for parameter 'strategy'.

fun invoke(promptExecutor: PromptExecutor, agentConfig: AIAgentConfig, strategy: AIAgentGraphStrategy<String, String> = ..., toolRegistry: ToolRegistry = ..., id: String? = ..., installFeatures: GraphAIAgent.FeatureContext.() -> Unit = ...): AIAgent<String, String>:
  No parameter with name 'llmModel' found.
  No parameter with name 'systemPrompt' found.
  No value passed for parameter 'agentConfig'.

fun <Input, Output> invoke(promptExecutor: PromptExecutor, agentConfig: AIAgentConfig, strategy: AIAgentFunctionalStrategy<Input, Output>, toolRegistry: ToolRegistry = ..., id: String? = ..., clock: Clock = ..., installFeatures: FunctionalAIAgent.FeatureContext.() -> Unit = ...): FunctionalAIAgent<Input, Output>:
  No parameter with name 'llmModel' found.
  No parameter with name 'systemPrompt' found.
  No value passed for parameter 'agentConfig'.
  No value passed for parameter 'strategy'.

fun invoke(promptExecutor: PromptExecutor, llmModel: LLModel, strategy: AIAgentGraphStrategy<String, String> = ..., toolRegistry: ToolRegistry = ..., id: String? = ..., systemPrompt: String = ..., temperature: Double = ..., numberOfChoices: Int = ..., maxIterations: Int = ..., installFeatures: GraphAIAgent.FeatureContext.() -> Unit = ...): AIAgent<String, String>
fun <reified Input, reified Output> invoke(promptExecutor: PromptExecutor, llmModel: LLModel, strategy: AIAgentGraphStrategy<Input, Output>, toolRegistry: ToolRegistry = ..., id: String? = ..., clock: Clock = ..., systemPrompt: String = ..., temperature: Double = ..., numberOfChoices: Int = ..., maxIterations: Int = ..., noinline installFeatures: GraphAIAgent.FeatureContext.() -> Unit = ...): AIAgent<Input, Output>:
  No value passed for parameter 'strategy'.

fun <Input, Output> invoke(promptExecutor: PromptExecutor, llmModel: LLModel, toolRegistry: ToolRegistry = ..., strategy: AIAgentFunctionalStrategy<Input, Output>, id: String? = ..., systemPrompt: String = ..., temperature: Double = ..., numberOfChoices: Int = ..., maxIterations: Int = ..., installFeatures: FunctionalAIAgent.FeatureContext.() -> Unit = ...): AIAgent<Input, Output>:
  No value passed for parameter 'strategy'.
00:38.752 ERROR :expert:compileJvm        KotlinBuildToolsApiKt     file:///C:/Users/welli/MeusProjetos/expert/src/features/ai/ServiceAi.kt:85:17 No value passed for parameter 'promptExecutor'.
00:38.753 ERROR :expert:compileJvm        KotlinBuildToolsApiKt     file:///C:/Users/welli/MeusProjetos/expert/src/features/ai/ServiceAi.kt:86:9 No parameter with name 'executor' found.
00:38.754 ERROR :expert:compileJvm        KotlinBuildToolsApiKt     file:///C:/Users/welli/MeusProjetos/expert/src/features/ai/ServiceAi.kt:91:9 Unresolved reference 'handleEvents'.
00:38.755 ERROR :expert:compileJvm        KotlinBuildToolsApiKt     file:///C:/Users/welli/MeusProjetos/expert/src/features/ai/ServiceAi.kt:92:13 Unresolved reference 'onBeforeLLMCall'.
00:38.755 ERROR :expert:compileJvm        KotlinBuildToolsApiKt     file:///C:/Users/welli/MeusProjetos/expert/src/features/ai/ServiceAi.kt:92:31 Cannot infer type for value parameter 'ctx'. Specify it explicitly.
00:38.756 ERROR :expert:compileJvm        KotlinBuildToolsApiKt     file:///C:/Users/welli/MeusProjetos/expert/src/features/ai/ServiceAi.kt:95:21 Unresolved reference 'prompt'.
00:38.757 ERROR :expert:compileJvm        KotlinBuildToolsApiKt     file:///C:/Users/welli/MeusProjetos/expert/src/features/ai/ServiceAi.kt:95:61 Unresolved reference 'it'.
00:38.758 ERROR :expert:compileJvm        KotlinBuildToolsApiKt     file:///C:/Users/welli/MeusProjetos/expert/src/features/ai/ServiceAi.kt:97:21 Unresolved reference 'tools'.
00:38.759 ERROR :expert:compileJvm        KotlinBuildToolsApiKt     file:///C:/Users/welli/MeusProjetos/expert/src/features/ai/ServiceAi.kt:97:51 Unresolved reference 'it'.
00:38.759 ERROR :expert:compileJvm        KotlinBuildToolsApiKt     file:///C:/Users/welli/MeusProjetos/expert/src/features/ai/ServiceAi.kt:99:13 Unresolved reference 'onAfterLLMCall'.
00:38.760 ERROR :expert:compileJvm        KotlinBuildToolsApiKt     file:///C:/Users/welli/MeusProjetos/expert/src/features/ai/ServiceAi.kt:99:30 Cannot infer type for value parameter 'ctx'. Specify it explicitly.
00:38.761 ERROR :expert:compileJvm        KotlinBuildToolsApiKt     file:///C:/Users/welli/MeusProjetos/expert/src/features/ai/ServiceAi.kt:101:21 Unresolved reference 'responses'.
00:38.762 ERROR :expert:compileJvm        KotlinBuildToolsApiKt     file:///C:/Users/welli/MeusProjetos/expert/src/features/ai/ServiceAi.kt:101:55 Unresolved reference 'it'.
00:38.763 ERROR :expert:compileJvm        KotlinBuildToolsApiKt     file:///C:/Users/welli/MeusProjetos/expert/src/features/ai/ServiceAi.kt:107:24 Cannot infer type for type parameter 'T'. Specify it explicitly.
00:38.763 ERROR :expert:compileJvm        KotlinBuildToolsApiKt     file:///C:/Users/welli/MeusProjetos/expert/src/features/ai/ServiceAi.kt:107:24 Cannot infer type for type parameter 'R'. Specify it explicitly.
00:38.764 ERROR :expert:compileJvm        KotlinBuildToolsApiKt     file:///C:/Users/welli/MeusProjetos/expert/src/features/ai/ServiceAi.kt:107:24 Unresolved reference. None of the following candidates is applicable because of a receiver type mismatch:
fun <T, R> T.run(block: T.() -> R): R
